<?xml version="1.0" encoding="UTF-8"?>
<testng-results ignored="0" total="1" passed="1" failed="0" skipped="0">
  <reporter-output>
  </reporter-output>
  <suite started-at="2024-05-12T01:34:30 CDT" name="Admin Panel" finished-at="2024-05-12T01:34:33 CDT" duration-ms="3001">
    <groups>
    </groups>
    <test started-at="2024-05-12T01:34:30 CDT" name="Admins" finished-at="2024-05-12T01:34:33 CDT" duration-ms="3001">
      <class name="testcases.adminpanel.admins.Admins">
        <test-method is-config="true" signature="setUp()[pri:0, instance:testcases.adminpanel.admins.Admins@5fd62371]" started-at="2024-05-12T01:34:30 CDT" name="setUp" finished-at="2024-05-12T01:34:32 CDT" duration-ms="1735" status="PASS">
          <reporter-output>
          </reporter-output>
        </test-method> <!-- setUp -->
        <test-method signature="doLogin()[pri:0, instance:testcases.adminpanel.admins.Admins@5fd62371]" started-at="2024-05-12T01:34:32 CDT" name="doLogin" finished-at="2024-05-12T01:34:33 CDT" duration-ms="1095" status="PASS">
          <reporter-output>
          </reporter-output>
        </test-method> <!-- doLogin -->
        <test-method is-config="true" signature="tearDown()[pri:0, instance:testcases.adminpanel.admins.Admins@5fd62371]" started-at="2024-05-12T01:34:33 CDT" name="tearDown" finished-at="2024-05-12T01:34:33 CDT" duration-ms="108" status="PASS">
          <reporter-output>
          </reporter-output>
        </test-method> <!-- tearDown -->
      </class> <!-- testcases.adminpanel.admins.Admins -->
    </test> <!-- Admins -->
  </suite> <!-- Admin Panel -->
</testng-results>
