<?xml version="1.0" encoding="UTF-8"?>
<!-- Generated by org.testng.reporters.JUnitXMLReporter -->
<testsuite ignored="2" hostname="DESKTOP-EJE643E" failures="0" tests="1" name="NewProject" time="2.171" errors="0" timestamp="2024-04-28T11:47:12 CDT">
  <testcase classname="Tests1" name="doLogin2" time="1.104"/>
  <testcase classname="Tests1" name="doLogin3" time="0.0">
    <ignored/>
  </testcase> <!-- doLogin3 -->
  <testcase classname="Tests1" name="doLogin1" time="0.0">
    <ignored/>
  </testcase> <!-- doLogin1 -->
</testsuite> <!-- NewProject -->
